<?xml version="1.0" encoding="UTF-8"?>
<beans xmlns="http://www.springframework.org/schema/beans"
       xmlns:xsi="http://www.w3.org/2001/XMLSchema-instance"
       xmlns:jpa="http://www.springframework.org/schema/data/jpa"
       xmlns:jdbc="http://www.springframework.org/schema/jdbc"
       xsi:schemaLocation="http://www.springframework.org/schema/beans
	http://www.springframework.org/schema/beans/spring-beans.xsd
	http://www.springframework.org/schema/data/jpa
	http://www.springframework.org/schema/data/jpa/spring-jpa-1.3.xsd
	http://www.springframework.org/schema/jdbc
    http://www.springframework.org/schema/jdbc/spring-jdbc.xsd">

    <jpa:repositories base-package="com.pangnongfu.server.dal.api"/>


    <!--<jdbc:embedded-database id="dataSource" type="HSQL">

    </jdbc:embedded-database>-->

    <!--<bean id="dataSource" class="org.springframework.jdbc.datasource.DriverManagerDataSource">
        <property name="driverClassName" value="com.mysql.jdbc.Driver"></property>
        <property name="url" value="jdbc:mysql://localhost:3306/pangnongfu"></property>
        <property name="username" value="root"></property>
        <property name="password" value="123456"></property>
    </bean>-->
    <bean id="dataSource" class="com.alibaba.druid.pool.DruidDataSource"
          init-method="init" destroy-method="close">
        <!-- 数据库基本信息配置 -->
        <property name="driverClassName" value="com.mysql.jdbc.Driver" />
        <property name="url" value="jdbc:mysql://localhost:3306/pangnongfu" />
        <property name="username" value="root" />
        <property name="password" value="123456" />
        <!-- 初始化连接数量 -->
        <property name="initialSize" value="30" />
        <!-- 最大并发连接数 -->
        <property name="maxActive" value="150" />
        <!-- 最小空闲连接数 -->
        <property name="minIdle" value="10" />
    </bean>

    <bean id="vendorAdapter" class="org.springframework.orm.jpa.vendor.HibernateJpaVendorAdapter">
        <property name="generateDdl" value="true"/>
        <property name="showSql" value="true"/>
    </bean>

    <bean id="loadTimeWeaver" class="org.springframework.instrument.classloading.InstrumentationLoadTimeWeaver"/>

    <bean id="transactionManager"
          class="org.springframework.orm.jpa.JpaTransactionManager">
        <property name="entityManagerFactory" ref="entityManagerFactory"/>
    </bean>

    <bean id="entityManagerFactory" class="org.springframework.orm.jpa.LocalContainerEntityManagerFactoryBean">
        <property name="dataSource" ref="dataSource"/>
        <property name="jpaVendorAdapter" ref="vendorAdapter"/>
        <property name="packagesToScan" value="com.pangnongfu.server.dal.po"/>
        <property name="jpaProperties">
            <props>
                <prop key="hibernate.dialect">org.hibernate.dialect.MySQL5Dialect</prop>
                <prop key="hibernate.show_sql">true</prop>
                <prop key="hibernate.format_sql">true</prop>
                <prop key="hibernate.hbm2ddl.auto">update</prop>
            </props>
        </property>
        <property name="loadTimeWeaver" ref="loadTimeWeaver"/>
    </bean>





</beans>

