<?xml version="1.0" encoding="UTF-8"?>
<beans xmlns="http://www.springframework.org/schema/beans"
       xmlns:xsi="http://www.w3.org/2001/XMLSchema-instance"
       xmlns:jpa="http://www.springframework.org/schema/data/jpa"
       xmlns:jdbc="http://www.springframework.org/schema/jdbc"
       xmlns:cache="http://www.springframework.org/schema/cache"
       xsi:schemaLocation="http://www.springframework.org/schema/beans
	http://www.springframework.org/schema/beans/spring-beans.xsd
	http://www.springframework.org/schema/data/jpa
	http://www.springframework.org/schema/data/jpa/spring-jpa-1.3.xsd
	http://www.springframework.org/schema/jdbc
    http://www.springframework.org/schema/jdbc/spring-jdbc.xsd
    http://www.springframework.org/schema/cache
    http://www.springframework.org/schema/cache/spring-cache.xsd">
    <cache:annotation-driven cache-manager="cacheManager"/>
    <jpa:repositories base-package="com.pangnongfu.server.dal.api"/>

    <!--<bean id="hsqlDataSource" class="org.springframework.jdbc.datasource.DriverManagerDataSource">
        <property name="driverClassName" value="org.hsqldb.jdbcDriver" />
        <property name="url" value="jdbc:hsqldb:mem:daoTest" />
        <property name="username" value="sa" />
        <property name="password" value="" />
    </bean>-->
    <bean id="cacheManager" class="com.pangnongfu.server.dal.memory.ConcurrentMapCacheManager" >
        <property name="cacheNames">
            <list>
                <value>defaultCache</value>
            </list>
        </property>
        <!--对应于public ConcurrentMapCacheManager(long expireTime, long maximumSize) -->
        <constructor-arg index="0" value="1800" />
        <constructor-arg index="1" value="5000" />
    </bean>
    <jdbc:embedded-database id="dataSource" type="HSQL">
    </jdbc:embedded-database>

    <!--<bean id="dataSource" class="org.springframework.jdbc.datasource.DriverManagerDataSource">
        <property name="driverClassName" value="com.mysql.jdbc.Driver"></property>
        <property name="url" value="jdbc:mysql://localhost:3306/pangnongfu_test"></property>
        <property name="username" value="root"></property>
        <property name="password" value="123456"></property>
    </bean>-->
    <bean id = "jdbcTemplate"
          class = "org.springframework.jdbc.core.JdbcTemplate">
        <property name = "dataSource" ref="dataSource"/>
    </bean>
    <bean id="vendorAdapter" class="org.springframework.orm.jpa.vendor.HibernateJpaVendorAdapter">
        <property name="generateDdl" value="true"/>
        <property name="showSql" value="true"/>
    </bean>

    <bean id="loadTimeWeaver" class="org.springframework.instrument.classloading.InstrumentationLoadTimeWeaver"/>

    <bean id="transactionManager"
          class="org.springframework.orm.jpa.JpaTransactionManager">
        <property name="entityManagerFactory" ref="entityManagerFactory"/>
    </bean>

    <bean id="entityManagerFactory" class="org.springframework.orm.jpa.LocalContainerEntityManagerFactoryBean">
        <property name="dataSource" ref="dataSource"/>
        <property name="jpaVendorAdapter" ref="vendorAdapter"/>
        <property name="packagesToScan" value="com.pangnongfu.server.dal.po"/>
        <property name="jpaProperties">
            <props>
                <prop key="hibernate.dialect">org.hibernate.dialect.HSQLDialect</prop>
                <prop key="hibernate.show_sql">true</prop>
                <prop key="hibernate.format_sql">true</prop>
                <prop key="hibernate.hbm2ddl.auto">create</prop>
            </props>
        </property>
        <property name="loadTimeWeaver" ref="loadTimeWeaver"/>
    </bean>





</beans>

